<?xml version="1.0" encoding="UTF-8"?>
<testng-results skipped="0" failed="0" total="3" passed="3">
  <reporter-output>
  </reporter-output>
  <suite name="samplesuite" duration-ms="16230" started-at="2017-01-28T07:57:43Z" finished-at="2017-01-28T07:57:59Z">
    <groups>
    </groups>
    <test name="sampletest" duration-ms="16230" started-at="2017-01-28T07:57:43Z" finished-at="2017-01-28T07:57:59Z">
      <class name="com.testpakage.FirstClassTest">
        <test-method status="PASS" signature="Atc2()[pri:0, instance:com.testpakage.FirstClassTest@4f7d0008]" name="Atc2" duration-ms="9" started-at="2017-01-27T23:57:43Z" finished-at="2017-01-27T23:57:43Z">
          <reporter-output>
          </reporter-output>
        </test-method> <!-- Atc2 -->
        <test-method status="PASS" signature="tc1()[pri:0, instance:com.testpakage.FirstClassTest@4f7d0008]" name="tc1" duration-ms="16204" started-at="2017-01-27T23:57:43Z" finished-at="2017-01-27T23:57:59Z">
          <reporter-output>
          </reporter-output>
        </test-method> <!-- tc1 -->
      </class> <!-- com.testpakage.FirstClassTest -->
      <class name="com.testpakage.SecondclassTest">
        <test-method status="PASS" signature="tc2()[pri:0, instance:com.testpakage.SecondclassTest@77cd7a0]" name="tc2" duration-ms="1" started-at="2017-01-27T23:57:59Z" finished-at="2017-01-27T23:57:59Z">
          <reporter-output>
          </reporter-output>
        </test-method> <!-- tc2 -->
      </class> <!-- com.testpakage.SecondclassTest -->
    </test> <!-- sampletest -->
  </suite> <!-- samplesuite -->
</testng-results>
