<?xml version="1.0" encoding="UTF-8"?>
<!-- Generated by org.testng.reporters.JUnitXMLReporter -->
<testsuite hostname="JOY" name="sampletest" tests="3" failures="0" timestamp="28 Jan 2017 07:58:01 GMT" time="16.23" errors="0">
  <testcase name="Atc2" time="0.009" classname="com.testpakage.FirstClassTest"/>
  <testcase name="tc1" time="16.204" classname="com.testpakage.FirstClassTest"/>
  <testcase name="tc2" time="0.001" classname="com.testpakage.SecondclassTest"/>
</testsuite> <!-- sampletest -->
